#
# There is insufficient memory for the Java Runtime Environment to continue.
# Native memory allocation (malloc) failed to allocate 1979664 bytes for Chunk::new
# Possible reasons:
#   The system is out of physical RAM or swap space
#   The process is running with CompressedOops enabled, and the Java Heap may be blocking the growth of the native heap
# Possible solutions:
#   Reduce memory load on the system
#   Increase physical memory or swap space
#   Check if swap backing store is full
#   Decrease Java heap size (-Xmx/-Xms)
#   Decrease number of Java threads
#   Decrease Java thread stack sizes (-Xss)
#   Set larger code cache with -XX:ReservedCodeCacheSize=
#   JVM is running with Unscaled Compressed Oops mode in which the Java heap is
#     placed in the first 4GB address space. The Java Heap base address is the
#     maximum limit for the native heap growth. Please use -XX:HeapBaseMinAddress
#     to set the Java Heap base and to place the Java Heap above 4GB virtual address.
# This output file may be truncated or incomplete.
#
#  Out of Memory Error (arena.cpp:184), pid=33528, tid=28028
#
# JRE version: OpenJDK Runtime Environment (18.0.1.1+2) (build 18.0.1.1+2-6)
# Java VM: OpenJDK 64-Bit Server VM (18.0.1.1+2-6, mixed mode, sharing, tiered, compressed oops, compressed class ptrs, g1 gc, windows-amd64)
# No core dump will be written. Minidumps are not enabled by default on client versions of Windows
#

---------------  S U M M A R Y ------------

Command Line: C:\Users\laura\AppData\Local\Temp\surefire5833214046699339209\surefirebooter17420447642885640703.jar C:\Users\laura\AppData\Local\Temp\surefire5833214046699339209 2022-06-27T07-45-40_082-jvmRun1 surefire10170226648348924909tmp surefire_01359090549705170047tmp

Host: Intel(R) Pentium(R) Silver N5030 CPU @ 1.10GHz, 4 cores, 3G,  Windows 11 , 64 bit Build 22000 (10.0.22000.708)
Time: Mon Jun 27 07:45:52 2022  Windows 11 , 64 bit Build 22000 (10.0.22000.708) elapsed time: 9.622632 seconds (0d 0h 0m 9s)

---------------  T H R E A D  ---------------

Current thread (0x000002273a9232b0):  JavaThread "C2 CompilerThread0" daemon [_thread_in_native, id=28028, stack(0x0000006464400000,0x0000006464500000)]


Current CompileTask:
C2:   9622 2304   !   4       jdk.internal.loader.BuiltinClassLoader::loadClassOrNull (143 bytes)

Stack: [0x0000006464400000,0x0000006464500000]
Native frames: (J=compiled Java code, j=interpreted, Vv=VM code, C=native code)
V  [jvm.dll+0x69887a]
V  [jvm.dll+0x7f38bd]
V  [jvm.dll+0x7f51ce]
V  [jvm.dll+0x7f5883]
V  [jvm.dll+0x25ca3f]
V  [jvm.dll+0xb8c2f]
V  [jvm.dll+0xb8fa5]
V  [jvm.dll+0x385a6b]
V  [jvm.dll+0x1d29a8]
V  [jvm.dll+0x22fd79]
V  [jvm.dll+0x22eff1]
V  [jvm.dll+0x1b9cfc]
V  [jvm.dll+0x23e8ca]
V  [jvm.dll+0x23cbb5]
V  [jvm.dll+0x7a5fb1]
V  [jvm.dll+0x7a03ea]
V  [jvm.dll+0x697725]
C  [ucrtbase.dll+0x26c0c]
C  [KERNEL32.DLL+0x154e0]
C  [ntdll.dll+0x485b]


---------------  P R O C E S S  ---------------

Threads class SMR info:
_java_thread_list=0x000002273fef80d0, length=14, elements={
0x000002271f736880, 0x000002273a905380, 0x000002273a905fc0, 0x000002273a91ecb0,
0x000002273a91f560, 0x000002273a91fe10, 0x000002273a9206c0, 0x000002273a9232b0,
0x000002273a923ba0, 0x000002273a994b60, 0x000002273aa0e0e0, 0x000002273aa0e9c0,
0x000002273ec8ea70, 0x000002273edb2df0
}
_to_delete_list=0x000002273fef5700, length=15, elements={
0x000002271f736880, 0x000002273a905380, 0x000002273a905fc0, 0x000002273a91ecb0,
0x000002273a91f560, 0x000002273a91fe10, 0x000002273a9206c0, 0x000002273a9232b0,
0x000002273a923ba0, 0x000002273a994b60, 0x000002273aa0e0e0, 0x000002273aa0e9c0,
0x000002273ec8ea70, 0x000002273edb2df0, 0x000002273fd75ce0
}

Java Threads: ( => current thread )
  0x000002271f736880 JavaThread "main" [_thread_in_Java, id=26340, stack(0x0000006463700000,0x0000006463800000)]
  0x000002273a905380 JavaThread "Reference Handler" daemon [_thread_blocked, id=25144, stack(0x0000006463e00000,0x0000006463f00000)]
  0x000002273a905fc0 JavaThread "Finalizer" daemon [_thread_blocked, id=8036, stack(0x0000006463f00000,0x0000006464000000)]
  0x000002273a91ecb0 JavaThread "Signal Dispatcher" daemon [_thread_blocked, id=29560, stack(0x0000006464000000,0x0000006464100000)]
  0x000002273a91f560 JavaThread "Attach Listener" daemon [_thread_blocked, id=28800, stack(0x0000006464100000,0x0000006464200000)]
  0x000002273a91fe10 JavaThread "Service Thread" daemon [_thread_blocked, id=12048, stack(0x0000006464200000,0x0000006464300000)]
  0x000002273a9206c0 JavaThread "Monitor Deflation Thread" daemon [_thread_blocked, id=26604, stack(0x0000006464300000,0x0000006464400000)]
=>0x000002273a9232b0 JavaThread "C2 CompilerThread0" daemon [_thread_in_native, id=28028, stack(0x0000006464400000,0x0000006464500000)]
  0x000002273a923ba0 JavaThread "C1 CompilerThread0" daemon [_thread_in_vm, id=32080, stack(0x0000006464500000,0x0000006464600000)]
  0x000002273a994b60 JavaThread "Sweeper thread" daemon [_thread_blocked, id=18544, stack(0x0000006464600000,0x0000006464700000)]
  0x000002273aa0e0e0 JavaThread "Notification Thread" daemon [_thread_blocked, id=5984, stack(0x0000006464700000,0x0000006464800000)]
  0x000002273aa0e9c0 JavaThread "Common-Cleaner" daemon [_thread_blocked, id=6852, stack(0x0000006464900000,0x0000006464a00000)]
  0x000002273ec8ea70 JavaThread "surefire-forkedjvm-command-thread" daemon [_thread_in_native, id=27592, stack(0x0000006464a00000,0x0000006464b00000)]
  0x000002273edb2df0 JavaThread "surefire-forkedjvm-ping-30s" daemon [_thread_blocked, id=15888, stack(0x0000006464b00000,0x0000006464c00000)]

Other Threads:
  0x000002273a8ff060 VMThread "VM Thread" [stack: 0x0000006463d00000,0x0000006463e00000] [id=16084]
  0x000002273aa0e5a0 WatcherThread "VM Periodic Task Thread" [stack: 0x0000006464800000,0x0000006464900000] [id=26184]
  0x000002271f7753c0 WorkerThread "GC Thread#0" [stack: 0x0000006463800000,0x0000006463900000] [id=33300]
  0x000002273edae200 WorkerThread "GC Thread#1" [stack: 0x0000006464c00000,0x0000006464d00000] [id=2188]
  0x000002273f812890 WorkerThread "GC Thread#2" [stack: 0x0000006464d00000,0x0000006464e00000] [id=21152]
  0x000002273f825340 WorkerThread "GC Thread#3" [stack: 0x0000006464e00000,0x0000006464f00000] [id=15512]
  0x000002271f77dd70 ConcurrentGCThread "G1 Main Marker" [stack: 0x0000006463900000,0x0000006463a00000] [id=30488]
  0x000002271f77e760 WorkerThread "G1 Conc#0" [stack: 0x0000006463a00000,0x0000006463b00000] [id=32936]
  0x000002271f7a5e00 ConcurrentGCThread "G1 Refine#0" [stack: 0x0000006463b00000,0x0000006463c00000] [id=23500]
  0x000002273edbc470 ConcurrentGCThread "G1 Refine#1" [stack: 0x0000006464f00000,0x0000006465000000] [id=21720]
  0x000002271f7a7a30 ConcurrentGCThread "G1 Service" [stack: 0x0000006463c00000,0x0000006463d00000] [id=28016]

Threads with active compile tasks:
C2 CompilerThread0     9708 2304   !   4       jdk.internal.loader.BuiltinClassLoader::loadClassOrNull (143 bytes)

VM state: not at safepoint (normal execution)

VM Mutex/Monitor currently owned by a thread: None

Heap address: 0x00000000c2c00000, size: 980 MB, Compressed Oops mode: 32-bit

CDS archive(s) mapped at: [0x0000000800000000-0x0000000800b90000-0x0000000800b90000), size 12124160, SharedBaseAddress: 0x0000000800000000, ArchiveRelocationMode: 0.
Compressed class space mapped at: 0x0000000800c00000-0x0000000840c00000, reserved size: 1073741824
Narrow klass base: 0x0000000800000000, Narrow klass shift: 0, Narrow klass range: 0x100000000

GC Precious Log:
 CardTable entry size: 512
 Card Set container configuration: InlinePtr #cards 5 size 8 Array Of Cards #cards 12 size 40 Howl #buckets 4 coarsen threshold 1843 Howl Bitmap #cards 512 size 80 coarsen threshold 460 Card regions per heap region 1 cards per card region 2048
 CPUs: 4 total, 4 available
 Memory: 3918M
 Large Page Support: Disabled
 NUMA Support: Disabled
 Compressed Oops: Enabled (32-bit)
 Heap Region Size: 1M
 Heap Min Capacity: 8M
 Heap Initial Capacity: 62M
 Heap Max Capacity: 980M
 Pre-touch: Disabled
 Parallel Workers: 4
 Concurrent Workers: 1
 Concurrent Refinement Workers: 4
 Periodic GC: Disabled

Heap:
 garbage-first heap   total 63488K, used 26053K [0x00000000c2c00000, 0x0000000100000000)
  region size 1024K, 20 young (20480K), 4 survivors (4096K)
 Metaspace       used 19821K, committed 20096K, reserved 1114112K
  class space    used 2435K, committed 2560K, reserved 1048576K

Heap Regions: E=young(eden), S=young(survivor), O=old, HS=humongous(starts), HC=humongous(continues), CS=collection set, F=free, OA=open archive, CA=closed archive, TAMS=top-at-mark-start (previous, next)
|   0|0x00000000c2c00000, 0x00000000c2d00000, 0x00000000c2d00000|100%|HS|  |TAMS 0x00000000c2c00000, 0x00000000c2c00000| Complete 
|   1|0x00000000c2d00000, 0x00000000c2e00000, 0x00000000c2e00000|100%| O|  |TAMS 0x00000000c2d00000, 0x00000000c2d00000| Untracked 
|   2|0x00000000c2e00000, 0x00000000c2f00000, 0x00000000c2f00000|100%| O|  |TAMS 0x00000000c2e00000, 0x00000000c2e00000| Untracked 
|   3|0x00000000c2f00000, 0x00000000c3000000, 0x00000000c3000000|100%| O|  |TAMS 0x00000000c2f00000, 0x00000000c2f00000| Untracked 
|   4|0x00000000c3000000, 0x00000000c3100000, 0x00000000c3100000|100%| O|  |TAMS 0x00000000c3000000, 0x00000000c3000000| Untracked 
|   5|0x00000000c3100000, 0x00000000c3200000, 0x00000000c3200000|100%| O|  |TAMS 0x00000000c3100000, 0x00000000c3100000| Untracked 
|   6|0x00000000c3200000, 0x00000000c32ee600, 0x00000000c3300000| 93%| O|  |TAMS 0x00000000c3200000, 0x00000000c3200000| Untracked 
|   7|0x00000000c3300000, 0x00000000c3300000, 0x00000000c3400000|  0%| F|  |TAMS 0x00000000c3300000, 0x00000000c3300000| Untracked 
|   8|0x00000000c3400000, 0x00000000c3400000, 0x00000000c3500000|  0%| F|  |TAMS 0x00000000c3400000, 0x00000000c3400000| Untracked 
|   9|0x00000000c3500000, 0x00000000c3500000, 0x00000000c3600000|  0%| F|  |TAMS 0x00000000c3500000, 0x00000000c3500000| Untracked 
|  10|0x00000000c3600000, 0x00000000c3600000, 0x00000000c3700000|  0%| F|  |TAMS 0x00000000c3600000, 0x00000000c3600000| Untracked 
|  11|0x00000000c3700000, 0x00000000c3700000, 0x00000000c3800000|  0%| F|  |TAMS 0x00000000c3700000, 0x00000000c3700000| Untracked 
|  12|0x00000000c3800000, 0x00000000c3800000, 0x00000000c3900000|  0%| F|  |TAMS 0x00000000c3800000, 0x00000000c3800000| Untracked 
|  13|0x00000000c3900000, 0x00000000c3900000, 0x00000000c3a00000|  0%| F|  |TAMS 0x00000000c3900000, 0x00000000c3900000| Untracked 
|  14|0x00000000c3a00000, 0x00000000c3a00000, 0x00000000c3b00000|  0%| F|  |TAMS 0x00000000c3a00000, 0x00000000c3a00000| Untracked 
|  15|0x00000000c3b00000, 0x00000000c3b00000, 0x00000000c3c00000|  0%| F|  |TAMS 0x00000000c3b00000, 0x00000000c3b00000| Untracked 
|  16|0x00000000c3c00000, 0x00000000c3c00000, 0x00000000c3d00000|  0%| F|  |TAMS 0x00000000c3c00000, 0x00000000c3c00000| Untracked 
|  17|0x00000000c3d00000, 0x00000000c3d00000, 0x00000000c3e00000|  0%| F|  |TAMS 0x00000000c3d00000, 0x00000000c3d00000| Untracked 
|  18|0x00000000c3e00000, 0x00000000c3e00000, 0x00000000c3f00000|  0%| F|  |TAMS 0x00000000c3e00000, 0x00000000c3e00000| Untracked 
|  19|0x00000000c3f00000, 0x00000000c3f00000, 0x00000000c4000000|  0%| F|  |TAMS 0x00000000c3f00000, 0x00000000c3f00000| Untracked 
|  20|0x00000000c4000000, 0x00000000c4000000, 0x00000000c4100000|  0%| F|  |TAMS 0x00000000c4000000, 0x00000000c4000000| Untracked 
|  21|0x00000000c4100000, 0x00000000c4100000, 0x00000000c4200000|  0%| F|  |TAMS 0x00000000c4100000, 0x00000000c4100000| Untracked 
|  22|0x00000000c4200000, 0x00000000c4200000, 0x00000000c4300000|  0%| F|  |TAMS 0x00000000c4200000, 0x00000000c4200000| Untracked 
|  23|0x00000000c4300000, 0x00000000c4300000, 0x00000000c4400000|  0%| F|  |TAMS 0x00000000c4300000, 0x00000000c4300000| Untracked 
|  24|0x00000000c4400000, 0x00000000c4400000, 0x00000000c4500000|  0%| F|  |TAMS 0x00000000c4400000, 0x00000000c4400000| Untracked 
|  25|0x00000000c4500000, 0x00000000c4500000, 0x00000000c4600000|  0%| F|  |TAMS 0x00000000c4500000, 0x00000000c4500000| Untracked 
|  26|0x00000000c4600000, 0x00000000c4600000, 0x00000000c4700000|  0%| F|  |TAMS 0x00000000c4600000, 0x00000000c4600000| Untracked 
|  27|0x00000000c4700000, 0x00000000c4783008, 0x00000000c4800000| 51%| S|CS|TAMS 0x00000000c4700000, 0x00000000c4700000| Complete 
|  28|0x00000000c4800000, 0x00000000c4900000, 0x00000000c4900000|100%| S|CS|TAMS 0x00000000c4800000, 0x00000000c4800000| Complete 
|  29|0x00000000c4900000, 0x00000000c4a00000, 0x00000000c4a00000|100%| S|CS|TAMS 0x00000000c4900000, 0x00000000c4900000| Complete 
|  30|0x00000000c4a00000, 0x00000000c4b00000, 0x00000000c4b00000|100%| S|CS|TAMS 0x00000000c4a00000, 0x00000000c4a00000| Complete 
|  31|0x00000000c4b00000, 0x00000000c4b00000, 0x00000000c4c00000|  0%| F|  |TAMS 0x00000000c4b00000, 0x00000000c4b00000| Untracked 
|  32|0x00000000c4c00000, 0x00000000c4c00000, 0x00000000c4d00000|  0%| F|  |TAMS 0x00000000c4c00000, 0x00000000c4c00000| Untracked 
|  33|0x00000000c4d00000, 0x00000000c4d00000, 0x00000000c4e00000|  0%| F|  |TAMS 0x00000000c4d00000, 0x00000000c4d00000| Untracked 
|  34|0x00000000c4e00000, 0x00000000c4e00000, 0x00000000c4f00000|  0%| F|  |TAMS 0x00000000c4e00000, 0x00000000c4e00000| Untracked 
|  35|0x00000000c4f00000, 0x00000000c4f00000, 0x00000000c5000000|  0%| F|  |TAMS 0x00000000c4f00000, 0x00000000c4f00000| Untracked 
|  36|0x00000000c5000000, 0x00000000c5000000, 0x00000000c5100000|  0%| F|  |TAMS 0x00000000c5000000, 0x00000000c5000000| Untracked 
|  37|0x00000000c5100000, 0x00000000c5100000, 0x00000000c5200000|  0%| F|  |TAMS 0x00000000c5100000, 0x00000000c5100000| Untracked 
|  38|0x00000000c5200000, 0x00000000c5200000, 0x00000000c5300000|  0%| F|  |TAMS 0x00000000c5200000, 0x00000000c5200000| Untracked 
|  39|0x00000000c5300000, 0x00000000c5300000, 0x00000000c5400000|  0%| F|  |TAMS 0x00000000c5300000, 0x00000000c5300000| Untracked 
|  40|0x00000000c5400000, 0x00000000c5400000, 0x00000000c5500000|  0%| F|  |TAMS 0x00000000c5400000, 0x00000000c5400000| Untracked 
|  41|0x00000000c5500000, 0x00000000c5500000, 0x00000000c5600000|  0%| F|  |TAMS 0x00000000c5500000, 0x00000000c5500000| Untracked 
|  42|0x00000000c5600000, 0x00000000c5600000, 0x00000000c5700000|  0%| F|  |TAMS 0x00000000c5600000, 0x00000000c5600000| Untracked 
|  43|0x00000000c5700000, 0x00000000c5700000, 0x00000000c5800000|  0%| F|  |TAMS 0x00000000c5700000, 0x00000000c5700000| Untracked 
|  44|0x00000000c5800000, 0x00000000c5800000, 0x00000000c5900000|  0%| F|  |TAMS 0x00000000c5800000, 0x00000000c5800000| Untracked 
|  45|0x00000000c5900000, 0x00000000c5900000, 0x00000000c5a00000|  0%| F|  |TAMS 0x00000000c5900000, 0x00000000c5900000| Untracked 
|  46|0x00000000c5a00000, 0x00000000c5a74040, 0x00000000c5b00000| 45%| E|  |TAMS 0x00000000c5a00000, 0x00000000c5a00000| Complete 
|  47|0x00000000c5b00000, 0x00000000c5c00000, 0x00000000c5c00000|100%| E|CS|TAMS 0x00000000c5b00000, 0x00000000c5b00000| Complete 
|  48|0x00000000c5c00000, 0x00000000c5d00000, 0x00000000c5d00000|100%| E|CS|TAMS 0x00000000c5c00000, 0x00000000c5c00000| Complete 
|  49|0x00000000c5d00000, 0x00000000c5e00000, 0x00000000c5e00000|100%| E|CS|TAMS 0x00000000c5d00000, 0x00000000c5d00000| Complete 
|  50|0x00000000c5e00000, 0x00000000c5f00000, 0x00000000c5f00000|100%| E|CS|TAMS 0x00000000c5e00000, 0x00000000c5e00000| Complete 
|  51|0x00000000c5f00000, 0x00000000c6000000, 0x00000000c6000000|100%| E|CS|TAMS 0x00000000c5f00000, 0x00000000c5f00000| Complete 
|  52|0x00000000c6000000, 0x00000000c6100000, 0x00000000c6100000|100%| E|CS|TAMS 0x00000000c6000000, 0x00000000c6000000| Complete 
|  53|0x00000000c6100000, 0x00000000c6200000, 0x00000000c6200000|100%| E|CS|TAMS 0x00000000c6100000, 0x00000000c6100000| Complete 
|  54|0x00000000c6200000, 0x00000000c6300000, 0x00000000c6300000|100%| E|CS|TAMS 0x00000000c6200000, 0x00000000c6200000| Complete 
|  55|0x00000000c6300000, 0x00000000c6400000, 0x00000000c6400000|100%| E|CS|TAMS 0x00000000c6300000, 0x00000000c6300000| Complete 
|  56|0x00000000c6400000, 0x00000000c6500000, 0x00000000c6500000|100%| E|CS|TAMS 0x00000000c6400000, 0x00000000c6400000| Complete 
|  57|0x00000000c6500000, 0x00000000c6600000, 0x00000000c6600000|100%| E|CS|TAMS 0x00000000c6500000, 0x00000000c6500000| Complete 
|  58|0x00000000c6600000, 0x00000000c6700000, 0x00000000c6700000|100%| E|CS|TAMS 0x00000000c6600000, 0x00000000c6600000| Complete 
|  59|0x00000000c6700000, 0x00000000c6800000, 0x00000000c6800000|100%| E|CS|TAMS 0x00000000c6700000, 0x00000000c6700000| Complete 
|  60|0x00000000c6800000, 0x00000000c6900000, 0x00000000c6900000|100%| E|CS|TAMS 0x00000000c6800000, 0x00000000c6800000| Complete 
|  61|0x00000000c6900000, 0x00000000c6a00000, 0x00000000c6a00000|100%| E|CS|TAMS 0x00000000c6900000, 0x00000000c6900000| Complete 

Card table byte_map: [0x0000022736260000,0x0000022736450000] _byte_map_base: 0x0000022735c4a000

Marking Bits (Prev, Next): (CMBitMap*) 0x000002271f7759c0, (CMBitMap*) 0x000002271f775a00
 Prev Bits: [0x0000022736640000, 0x0000022737590000)
 Next Bits: [0x0000022737590000, 0x00000227384e0000)

Polling page: 0x000002271d6a0000

Metaspace:

Usage:
  Non-class:     16.98 MB used.
      Class:      2.38 MB used.
       Both:     19.36 MB used.

Virtual space:
  Non-class space:       64.00 MB reserved,      17.12 MB ( 27%) committed,  1 nodes.
      Class space:        1.00 GB reserved,       2.50 MB ( <1%) committed,  1 nodes.
             Both:        1.06 GB reserved,      19.62 MB (  2%) committed. 

Chunk freelists:
   Non-Class:  2.88 MB
       Class:  1.50 MB
        Both:  4.38 MB

MaxMetaspaceSize: unlimited
CompressedClassSpaceSize: 1.00 GB
Initial GC threshold: 21.00 MB
Current GC threshold: 21.00 MB
CDS: on
MetaspaceReclaimPolicy: balanced
 - commit_granule_bytes: 65536.
 - commit_granule_words: 8192.
 - virtual_space_node_default_size: 8388608.
 - enlarge_chunks_in_place: 1.
 - new_chunks_are_fully_committed: 0.
 - uncommit_free_chunks: 1.
 - use_allocation_guard: 0.


Internal statistics:

num_allocs_failed_limit: 0.
num_arena_births: 218.
num_arena_deaths: 0.
num_vsnodes_births: 2.
num_vsnodes_deaths: 0.
num_space_committed: 314.
num_space_uncommitted: 0.
num_chunks_returned_to_freelist: 0.
num_chunks_taken_from_freelist: 901.
num_chunk_merges: 0.
num_chunk_splits: 610.
num_chunks_enlarged: 498.
num_inconsistent_stats: 0.

CodeHeap 'non-profiled nmethods': size=120000Kb used=866Kb max_used=866Kb free=119133Kb
 bounds [0x000002272eb40000, 0x000002272edb0000, 0x0000022736070000]
CodeHeap 'profiled nmethods': size=120000Kb used=5491Kb max_used=5491Kb free=114508Kb
 bounds [0x0000022727610000, 0x0000022727b70000, 0x000002272eb40000]
CodeHeap 'non-nmethods': size=5760Kb used=1190Kb max_used=1213Kb free=4569Kb
 bounds [0x0000022727070000, 0x00000227272e0000, 0x0000022727610000]
 total_blobs=3046 nmethods=2569 adapters=390
 compilation: enabled
              stopped_count=0, restarted_count=0
 full_count=0

Compilation events (20 events):
Event: 9.571 Thread 0x000002273a923ba0 2530       3       org.springframework.core.annotation.MergedAnnotation$Adapt::isIn (36 bytes)
Event: 9.571 Thread 0x000002273a923ba0 nmethod 2530 0x0000022727b32690 code [0x0000022727b32840, 0x0000022727b32a78]
Event: 9.571 Thread 0x000002273a923ba0 2531       3       jdk.internal.reflect.ReflectionFactory::copyConstructor (11 bytes)
Event: 9.572 Thread 0x000002273a923ba0 nmethod 2531 0x0000022727b32b90 code [0x0000022727b32d40, 0x0000022727b32f28]
Event: 9.572 Thread 0x000002273a923ba0 2532       3       java.lang.reflect.ReflectAccess::copyConstructor (5 bytes)
Event: 9.572 Thread 0x000002273a923ba0 nmethod 2532 0x0000022727b33090 code [0x0000022727b33240, 0x0000022727b33388]
Event: 9.572 Thread 0x000002273a923ba0 2533       3       java.lang.Long::numberOfTrailingZeros (26 bytes)
Event: 9.572 Thread 0x000002273a923ba0 nmethod 2533 0x0000022727b33490 code [0x0000022727b33640, 0x0000022727b337f8]
Event: 9.572 Thread 0x000002273a923ba0 2534       3       java.util.RegularEnumSet$EnumSetIterator::next (5 bytes)
Event: 9.572 Thread 0x000002273a923ba0 nmethod 2534 0x0000022727b33890 code [0x0000022727b33a40, 0x0000022727b33b88]
Event: 9.578 Thread 0x000002273a923ba0 2535       3       org.springframework.core.annotation.TypeMappedAnnotation::getTypeForMapOptions (57 bytes)
Event: 9.579 Thread 0x000002273a923ba0 nmethod 2535 0x0000022727b33c10 code [0x0000022727b33e20, 0x0000022727b34278]
Event: 9.579 Thread 0x000002273a923ba0 2536       3       org.springframework.core.annotation.TypeMappedAnnotation::adaptValueForMapOptions (177 bytes)
Event: 9.580 Thread 0x000002273a923ba0 nmethod 2536 0x0000022727b34410 code [0x0000022727b346e0, 0x0000022727b356c8]
Event: 9.588 Thread 0x000002273a923ba0 2537       3       org.springframework.asm.ClassReader::getFirstAttributeOffset (136 bytes)
Event: 9.589 Thread 0x000002273a923ba0 nmethod 2537 0x0000022727b35b90 code [0x0000022727b35dc0, 0x0000022727b36448]
Event: 9.589 Thread 0x000002273a923ba0 2538       3       org.springframework.util.ReflectionUtils::invokeMethod (9 bytes)
Event: 9.597 Thread 0x000002273a923ba0 nmethod 2538 0x0000022727b36710 code [0x0000022727b36ea0, 0x0000022727b3bbf8]
Event: 9.597 Thread 0x000002273a923ba0 2539   !   3       org.springframework.util.ReflectionUtils::invokeMethod (22 bytes)
Event: 9.605 Thread 0x000002273a923ba0 nmethod 2539 0x0000022727b3e910 code [0x0000022727b3f120, 0x0000022727b44348]

GC Heap History (8 events):
Event: 2.546 GC heap before
{Heap before GC invocations=0 (full 0):
 garbage-first heap   total 63488K, used 13312K [0x00000000c2c00000, 0x0000000100000000)
  region size 1024K, 13 young (13312K), 0 survivors (0K)
 Metaspace       used 2870K, committed 3072K, reserved 1114112K
  class space    used 283K, committed 384K, reserved 1048576K
}
Event: 2.598 GC heap after
{Heap after GC invocations=1 (full 0):
 garbage-first heap   total 63488K, used 7200K [0x00000000c2c00000, 0x0000000100000000)
  region size 1024K, 2 young (2048K), 2 survivors (2048K)
 Metaspace       used 2870K, committed 3072K, reserved 1114112K
  class space    used 283K, committed 384K, reserved 1048576K
}
Event: 3.804 GC heap before
{Heap before GC invocations=1 (full 0):
 garbage-first heap   total 63488K, used 14368K [0x00000000c2c00000, 0x0000000100000000)
  region size 1024K, 9 young (9216K), 2 survivors (2048K)
 Metaspace       used 4575K, committed 4800K, reserved 1114112K
  class space    used 526K, committed 640K, reserved 1048576K
}
Event: 3.809 GC heap after
{Heap after GC invocations=2 (full 0):
 garbage-first heap   total 63488K, used 7567K [0x00000000c2c00000, 0x0000000100000000)
  region size 1024K, 1 young (1024K), 1 survivors (1024K)
 Metaspace       used 4575K, committed 4800K, reserved 1114112K
  class space    used 526K, committed 640K, reserved 1048576K
}
Event: 6.281 GC heap before
{Heap before GC invocations=2 (full 0):
 garbage-first heap   total 63488K, used 25999K [0x00000000c2c00000, 0x0000000100000000)
  region size 1024K, 20 young (20480K), 1 survivors (1024K)
 Metaspace       used 10236K, committed 10432K, reserved 1114112K
  class space    used 1235K, committed 1344K, reserved 1048576K
}
Event: 6.287 GC heap after
{Heap after GC invocations=3 (full 0):
 garbage-first heap   total 63488K, used 8890K [0x00000000c2c00000, 0x0000000100000000)
  region size 1024K, 2 young (2048K), 2 survivors (2048K)
 Metaspace       used 10236K, committed 10432K, reserved 1114112K
  class space    used 1235K, committed 1344K, reserved 1048576K
}
Event: 8.745 GC heap before
{Heap before GC invocations=3 (full 0):
 garbage-first heap   total 63488K, used 37562K [0x00000000c2c00000, 0x0000000100000000)
  region size 1024K, 31 young (31744K), 2 survivors (2048K)
 Metaspace       used 17646K, committed 17920K, reserved 1114112K
  class space    used 2172K, committed 2304K, reserved 1048576K
}
Event: 8.759 GC heap after
{Heap after GC invocations=4 (full 0):
 garbage-first heap   total 63488K, used 10693K [0x00000000c2c00000, 0x0000000100000000)
  region size 1024K, 4 young (4096K), 4 survivors (4096K)
 Metaspace       used 17646K, committed 17920K, reserved 1114112K
  class space    used 2172K, committed 2304K, reserved 1048576K
}

Deoptimization events (20 events):
Event: 9.168 Thread 0x000002271f736880 DEOPT PACKING pc=0x000002272763abe6 sp=0x00000064637fbe40
Event: 9.168 Thread 0x000002271f736880 DEOPT UNPACKING pc=0x00000227270c2b24 sp=0x00000064637fb308 mode 0
Event: 9.169 Thread 0x000002271f736880 DEOPT PACKING pc=0x000002272763abe6 sp=0x00000064637fbe40
Event: 9.169 Thread 0x000002271f736880 DEOPT UNPACKING pc=0x00000227270c2b24 sp=0x00000064637fb308 mode 0
Event: 9.169 Thread 0x000002271f736880 DEOPT PACKING pc=0x000002272763abe6 sp=0x00000064637fbe40
Event: 9.169 Thread 0x000002271f736880 DEOPT UNPACKING pc=0x00000227270c2b24 sp=0x00000064637fb308 mode 0
Event: 9.169 Thread 0x000002271f736880 DEOPT PACKING pc=0x000002272763abe6 sp=0x00000064637fbe40
Event: 9.169 Thread 0x000002271f736880 DEOPT UNPACKING pc=0x00000227270c2b24 sp=0x00000064637fb308 mode 0
Event: 9.170 Thread 0x000002271f736880 DEOPT PACKING pc=0x000002272763abe6 sp=0x00000064637fbe40
Event: 9.170 Thread 0x000002271f736880 DEOPT UNPACKING pc=0x00000227270c2b24 sp=0x00000064637fb308 mode 0
Event: 9.170 Thread 0x000002271f736880 DEOPT PACKING pc=0x000002272763abe6 sp=0x00000064637fbe40
Event: 9.170 Thread 0x000002271f736880 DEOPT UNPACKING pc=0x00000227270c2b24 sp=0x00000064637fb308 mode 0
Event: 9.171 Thread 0x000002271f736880 DEOPT PACKING pc=0x000002272763abe6 sp=0x00000064637fbe40
Event: 9.171 Thread 0x000002271f736880 DEOPT UNPACKING pc=0x00000227270c2b24 sp=0x00000064637fb308 mode 0
Event: 9.171 Thread 0x000002271f736880 DEOPT PACKING pc=0x000002272763abe6 sp=0x00000064637fbe40
Event: 9.171 Thread 0x000002271f736880 DEOPT UNPACKING pc=0x00000227270c2b24 sp=0x00000064637fb308 mode 0
Event: 9.462 Thread 0x000002271f736880 Uncommon trap: trap_request=0xffffff45 fr.pc=0x000002272ec0bb80 relative=0x00000000000022e0
Event: 9.462 Thread 0x000002271f736880 Uncommon trap: reason=unstable_if action=reinterpret pc=0x000002272ec0bb80 method=org.springframework.boot.context.properties.source.ConfigurationPropertyName$ElementsParser.add(IILorg/springframework/boot/context/properties/source/ConfigurationPropertyNa
Event: 9.462 Thread 0x000002271f736880 DEOPT PACKING pc=0x000002272ec0bb80 sp=0x00000064637fb7b0
Event: 9.462 Thread 0x000002271f736880 DEOPT UNPACKING pc=0x00000227270c239d sp=0x00000064637fb6f8 mode 2

Classes loaded (20 events):
Event: 8.504 Loading class java/beans/SimpleBeanInfo done
Event: 8.504 Loading class java/beans/GenericBeanInfo done
Event: 8.506 Loading class java/util/Hashtable$EntrySet
Event: 8.507 Loading class java/util/Hashtable$EntrySet done
Event: 8.557 Loading class java/util/concurrent/ConcurrentLinkedDeque$Itr
Event: 8.557 Loading class java/util/concurrent/ConcurrentLinkedDeque$AbstractItr
Event: 8.557 Loading class java/util/concurrent/ConcurrentLinkedDeque$AbstractItr done
Event: 8.557 Loading class java/util/concurrent/ConcurrentLinkedDeque$Itr done
Event: 8.581 Loading class java/net/SocketException
Event: 8.581 Loading class java/net/SocketException done
Event: 9.001 Loading class javax/naming/ldap/LdapContext
Event: 9.001 Loading class javax/naming/directory/DirContext
Event: 9.002 Loading class javax/naming/directory/DirContext done
Event: 9.002 Loading class javax/naming/ldap/LdapContext done
Event: 9.016 Loading class java/util/regex/Pattern$BnM
Event: 9.016 Loading class java/util/regex/Pattern$BnM done
Event: 9.017 Loading class java/util/regex/Pattern$Pos
Event: 9.017 Loading class java/util/regex/Pattern$Pos done
Event: 9.221 Loading class java/lang/Deprecated
Event: 9.222 Loading class java/lang/Deprecated done

Classes unloaded (0 events):
No events

Classes redefined (0 events):
No events

Internal exceptions (20 events):
Event: 8.505 Thread 0x000002271f736880 Exception <a 'java/lang/ClassNotFoundException'{0x00000000c507a170}: org/springframework/context/annotation/ConfigurationClassPostProcessorCustomizer> (0x00000000c507a170) 
thrown [s\open\src\hotspot\share\classfile\systemDictionary.cpp, line 255]
Event: 8.511 Thread 0x000002271f736880 Exception <a 'java/lang/ClassNotFoundException'{0x00000000c50905c8}: org/springframework/beans/factory/support/BeanDefinitionRegistryPostProcessorCustomizer> (0x00000000c50905c8) 
thrown [s\open\src\hotspot\share\classfile\systemDictionary.cpp, line 255]
Event: 8.537 Thread 0x000002271f736880 Exception <a 'java/lang/ClassNotFoundException'{0x00000000c5095d78}: org/springframework/beans/factory/config/BeanFactoryPostProcessorCustomizer> (0x00000000c5095d78) 
thrown [s\open\src\hotspot\share\classfile\systemDictionary.cpp, line 255]
Event: 8.538 Thread 0x000002271f736880 Exception <a 'java/lang/ClassNotFoundException'{0x00000000c509b2b0}: org/springframework/core/PriorityOrderedCustomizer> (0x00000000c509b2b0) 
thrown [s\open\src\hotspot\share\classfile\systemDictionary.cpp, line 255]
Event: 8.539 Thread 0x000002271f736880 Exception <a 'java/lang/ClassNotFoundException'{0x00000000c509f418}: org/springframework/core/OrderedCustomizer> (0x00000000c509f418) 
thrown [s\open\src\hotspot\share\classfile\systemDictionary.cpp, line 255]
Event: 8.541 Thread 0x000002271f736880 Exception <a 'java/lang/ClassNotFoundException'{0x00000000c50a47e8}: org/springframework/context/ResourceLoaderAwareCustomizer> (0x00000000c50a47e8) 
thrown [s\open\src\hotspot\share\classfile\systemDictionary.cpp, line 255]
Event: 8.542 Thread 0x000002271f736880 Exception <a 'java/lang/ClassNotFoundException'{0x00000000c50a9ce0}: org/springframework/beans/factory/AwareCustomizer> (0x00000000c50a9ce0) 
thrown [s\open\src\hotspot\share\classfile\systemDictionary.cpp, line 255]
Event: 8.544 Thread 0x000002271f736880 Exception <a 'java/lang/ClassNotFoundException'{0x00000000c50ae210}: org/springframework/context/ApplicationStartupAwareCustomizer> (0x00000000c50ae210) 
thrown [s\open\src\hotspot\share\classfile\systemDictionary.cpp, line 255]
Event: 8.546 Thread 0x000002271f736880 Exception <a 'java/lang/ClassNotFoundException'{0x00000000c50b3990}: org/springframework/beans/factory/AwareCustomizer> (0x00000000c50b3990) 
thrown [s\open\src\hotspot\share\classfile\systemDictionary.cpp, line 255]
Event: 8.547 Thread 0x000002271f736880 Exception <a 'java/lang/ClassNotFoundException'{0x00000000c50b7ef8}: org/springframework/beans/factory/BeanClassLoaderAwareCustomizer> (0x00000000c50b7ef8) 
thrown [s\open\src\hotspot\share\classfile\systemDictionary.cpp, line 255]
Event: 8.549 Thread 0x000002271f736880 Exception <a 'java/lang/ClassNotFoundException'{0x00000000c50bd3d8}: org/springframework/beans/factory/AwareCustomizer> (0x00000000c50bd3d8) 
thrown [s\open\src\hotspot\share\classfile\systemDictionary.cpp, line 255]
Event: 8.550 Thread 0x000002271f736880 Exception <a 'java/lang/ClassNotFoundException'{0x00000000c4f73050}: org/springframework/context/EnvironmentAwareCustomizer> (0x00000000c4f73050) 
thrown [s\open\src\hotspot\share\classfile\systemDictionary.cpp, line 255]
Event: 8.552 Thread 0x000002271f736880 Exception <a 'java/lang/ClassNotFoundException'{0x00000000c4f784c8}: org/springframework/beans/factory/AwareCustomizer> (0x00000000c4f784c8) 
thrown [s\open\src\hotspot\share\classfile\systemDictionary.cpp, line 255]
Event: 9.042 Thread 0x000002273fd75ce0 Exception <a 'java/lang/NoSuchMethodError'{0x00000000c6419120}: 'long java.lang.invoke.DirectMethodHandle$Holder.invokeSpecial(java.lang.Object, java.lang.Object)'> (0x00000000c6419120) 
thrown [s\open\src\hotspot\share\interpreter\linkResolver.cpp, line 766]
Event: 9.046 Thread 0x000002273fd75ce0 Exception <a 'java/lang/NoSuchMethodError'{0x00000000c6424428}: 'long java.lang.invoke.DirectMethodHandle$Holder.invokeStatic(java.lang.Object, java.lang.Object)'> (0x00000000c6424428) 
thrown [s\open\src\hotspot\share\interpreter\linkResolver.cpp, line 766]
Event: 9.047 Thread 0x000002273fd75ce0 Exception <a 'java/lang/NoSuchMethodError'{0x00000000c6427a20}: 'long java.lang.invoke.DirectMethodHandle$Holder.invokeStaticInit(java.lang.Object, java.lang.Object)'> (0x00000000c6427a20) 
thrown [s\open\src\hotspot\share\interpreter\linkResolver.cpp, line 766]
Event: 9.050 Thread 0x000002273fd75ce0 Exception <a 'java/lang/NoSuchMethodError'{0x00000000c64a9a60}: 'long java.lang.invoke.DirectMethodHandle$Holder.invokeInterface(java.lang.Object, java.lang.Object)'> (0x00000000c64a9a60) 
thrown [s\open\src\hotspot\share\interpreter\linkResolver.cpp, line 766]
Event: 9.051 Thread 0x000002273fd75ce0 Exception <a 'java/lang/IncompatibleClassChangeError'{0x00000000c64acfe8}: Found class java.lang.Object, but interface was expected> (0x00000000c64acfe8) 
thrown [s\open\src\hotspot\share\interpreter\linkResolver.cpp, line 833]
Event: 9.085 Thread 0x000002273fd75ce0 Exception <a 'java/lang/NoSuchMethodError'{0x00000000c6348ea0}: 'java.lang.Object java.lang.invoke.DirectMethodHandle$Holder.invokeVirtual(java.lang.Object, java.lang.Object, java.lang.Object, java.lang.Object)'> (0x00000000c6348ea0) 
thrown [s\open\src\hotspot\share\interpreter\linkResolver.cpp, line 766]
Event: 9.156 Thread 0x000002271f736880 Exception <a 'java/lang/IncompatibleClassChangeError'{0x00000000c620df90}: Found class java.lang.Object, but interface was expected> (0x00000000c620df90) 
thrown [s\open\src\hotspot\share\interpreter\linkResolver.cpp, line 833]

VM Operations (20 events):
Event: 6.194 Executing VM operation: HandshakeAllThreads
Event: 6.194 Executing VM operation: HandshakeAllThreads done
Event: 6.194 Executing VM operation: Cleanup
Event: 6.194 Executing VM operation: Cleanup done
Event: 6.281 Executing VM operation: G1CollectForAllocation
Event: 6.287 Executing VM operation: G1CollectForAllocation done
Event: 6.738 Executing VM operation: HandshakeAllThreads
Event: 6.738 Executing VM operation: HandshakeAllThreads done
Event: 6.834 Executing VM operation: HandshakeAllThreads
Event: 6.834 Executing VM operation: HandshakeAllThreads done
Event: 7.852 Executing VM operation: Cleanup
Event: 7.852 Executing VM operation: Cleanup done
Event: 8.358 Executing VM operation: HandshakeAllThreads
Event: 8.358 Executing VM operation: HandshakeAllThreads done
Event: 8.499 Executing VM operation: HandshakeAllThreads
Event: 8.499 Executing VM operation: HandshakeAllThreads done
Event: 8.588 Executing VM operation: HandshakeAllThreads
Event: 8.588 Executing VM operation: HandshakeAllThreads done
Event: 8.745 Executing VM operation: G1CollectForAllocation
Event: 8.759 Executing VM operation: G1CollectForAllocation done

Events (20 events):
Event: 0.246 Thread 0x000002273a91fe10 Thread added: 0x000002273a91fe10
Event: 0.246 Thread 0x000002273a9206c0 Thread added: 0x000002273a9206c0
Event: 0.247 Thread 0x000002273a9232b0 Thread added: 0x000002273a9232b0
Event: 0.253 Thread 0x000002273a923ba0 Thread added: 0x000002273a923ba0
Event: 0.280 Thread 0x000002273a994b60 Thread added: 0x000002273a994b60
Event: 0.388 Thread 0x000002273aa0e0e0 Thread added: 0x000002273aa0e0e0
Event: 0.392 Thread 0x000002273aa0e9c0 Thread added: 0x000002273aa0e9c0
Event: 0.416 Loaded shared library C:\Users\laura\.jdks\openjdk-18.0.1.1\bin\net.dll
Event: 0.448 Loaded shared library C:\Users\laura\.jdks\openjdk-18.0.1.1\bin\nio.dll
Event: 0.483 Loaded shared library C:\Users\laura\.jdks\openjdk-18.0.1.1\bin\zip.dll
Event: 0.586 Thread 0x000002273ec8ea70 Thread added: 0x000002273ec8ea70
Event: 0.687 Loaded shared library C:\Users\laura\.jdks\openjdk-18.0.1.1\bin\management.dll
Event: 0.721 Loaded shared library C:\Users\laura\.jdks\openjdk-18.0.1.1\bin\management_ext.dll
Event: 0.869 Loaded shared library C:\Users\laura\.jdks\openjdk-18.0.1.1\bin\jimage.dll
Event: 1.045 Thread 0x000002273edb2df0 Thread added: 0x000002273edb2df0
Event: 1.109 Loaded shared library C:\Users\laura\.jdks\openjdk-18.0.1.1\bin\verify.dll
Event: 7.338 Thread 0x000002273fd75ce0 Thread added: 0x000002273fd75ce0
Event: 8.890 Thread 0x000002273f625700 Thread added: 0x000002273f625700
Event: 9.069 Thread 0x000002273f625700 Thread exited: 0x000002273f625700
Event: 9.093 Thread 0x000002273fd75ce0 Thread exited: 0x000002273fd75ce0


Dynamic libraries:
0x00007ff774850000 - 0x00007ff77485e000 	C:\Users\laura\.jdks\openjdk-18.0.1.1\bin\java.exe
0x00007ffc5ec80000 - 0x00007ffc5ee89000 	C:\WINDOWS\SYSTEM32\ntdll.dll
0x00007ffc219e0000 - 0x00007ffc219f6000 	C:\Program Files\AVG\Antivirus\aswhook.dll
0x00007ffc5de40000 - 0x00007ffc5defd000 	C:\WINDOWS\System32\KERNEL32.DLL
0x00007ffc5c160000 - 0x00007ffc5c4d9000 	C:\WINDOWS\System32\KERNELBASE.dll
0x00007ffc5c720000 - 0x00007ffc5c831000 	C:\WINDOWS\System32\ucrtbase.dll
0x00007ffc40aa0000 - 0x00007ffc40aba000 	C:\Users\laura\.jdks\openjdk-18.0.1.1\bin\VCRUNTIME140.dll
0x00007ffc477e0000 - 0x00007ffc477f7000 	C:\Users\laura\.jdks\openjdk-18.0.1.1\bin\jli.dll
0x00007ffc5d8f0000 - 0x00007ffc5da9c000 	C:\WINDOWS\System32\USER32.dll
0x00007ffc5c550000 - 0x00007ffc5c576000 	C:\WINDOWS\System32\win32u.dll
0x00007ffc5ebf0000 - 0x00007ffc5ec19000 	C:\WINDOWS\System32\GDI32.dll
0x00007ffc5c600000 - 0x00007ffc5c712000 	C:\WINDOWS\System32\gdi32full.dll
0x00007ffc5ca70000 - 0x00007ffc5cb0d000 	C:\WINDOWS\System32\msvcp_win.dll
0x00007ffc43e30000 - 0x00007ffc440d5000 	C:\WINDOWS\WinSxS\amd64_microsoft.windows.common-controls_6595b64144ccf1df_6.0.22000.120_none_9d947278b86cc467\COMCTL32.dll
0x00007ffc5eb40000 - 0x00007ffc5ebe3000 	C:\WINDOWS\System32\msvcrt.dll
0x00007ffc5d570000 - 0x00007ffc5d5a1000 	C:\WINDOWS\System32\IMM32.DLL
0x00007ffc556d0000 - 0x00007ffc556dc000 	C:\Users\laura\.jdks\openjdk-18.0.1.1\bin\vcruntime140_1.dll
0x00007ffc32d60000 - 0x00007ffc32ded000 	C:\Users\laura\.jdks\openjdk-18.0.1.1\bin\msvcp140.dll
0x00007ffbe3b30000 - 0x00007ffbe4740000 	C:\Users\laura\.jdks\openjdk-18.0.1.1\bin\server\jvm.dll
0x00007ffc5cb10000 - 0x00007ffc5cbbe000 	C:\WINDOWS\System32\ADVAPI32.dll
0x00007ffc5db10000 - 0x00007ffc5dbae000 	C:\WINDOWS\System32\sechost.dll
0x00007ffc5d320000 - 0x00007ffc5d440000 	C:\WINDOWS\System32\RPCRT4.dll
0x00007ffc5d2f0000 - 0x00007ffc5d2f8000 	C:\WINDOWS\System32\PSAPI.DLL
0x00007ffc4c070000 - 0x00007ffc4c079000 	C:\WINDOWS\SYSTEM32\WSOCK32.dll
0x00007ffc5d040000 - 0x00007ffc5d0af000 	C:\WINDOWS\System32\WS2_32.dll
0x00007ffc55540000 - 0x00007ffc55573000 	C:\WINDOWS\SYSTEM32\WINMM.dll
0x00007ffc544e0000 - 0x00007ffc544ea000 	C:\WINDOWS\SYSTEM32\VERSION.dll
0x00007ffc5b220000 - 0x00007ffc5b238000 	C:\WINDOWS\SYSTEM32\kernel.appcore.dll
0x00007ffc55660000 - 0x00007ffc5566a000 	C:\Users\laura\.jdks\openjdk-18.0.1.1\bin\jimage.dll
0x00007ffc59c90000 - 0x00007ffc59eb1000 	C:\WINDOWS\SYSTEM32\DBGHELP.DLL
0x00007ffc4eac0000 - 0x00007ffc4eaf1000 	C:\WINDOWS\SYSTEM32\dbgcore.DLL
0x00007ffc5c580000 - 0x00007ffc5c5ff000 	C:\WINDOWS\System32\bcryptPrimitives.dll
0x00007ffc40930000 - 0x00007ffc40955000 	C:\Users\laura\.jdks\openjdk-18.0.1.1\bin\java.dll
0x00007ffc26510000 - 0x00007ffc265e6000 	C:\Users\laura\.jdks\openjdk-18.0.1.1\bin\jsvml.dll
0x00007ffc5e380000 - 0x00007ffc5eb38000 	C:\WINDOWS\System32\SHELL32.dll
0x00007ffc5a290000 - 0x00007ffc5aaf8000 	C:\WINDOWS\SYSTEM32\windows.storage.dll
0x00007ffc5cbd0000 - 0x00007ffc5cf49000 	C:\WINDOWS\System32\combase.dll
0x00007ffc5a120000 - 0x00007ffc5a286000 	C:\WINDOWS\SYSTEM32\wintypes.dll
0x00007ffc5dbb0000 - 0x00007ffc5dc9a000 	C:\WINDOWS\System32\SHCORE.dll
0x00007ffc5d690000 - 0x00007ffc5d6ed000 	C:\WINDOWS\System32\shlwapi.dll
0x00007ffc5c090000 - 0x00007ffc5c0b1000 	C:\WINDOWS\SYSTEM32\profapi.dll
0x00007ffc408f0000 - 0x00007ffc40903000 	C:\Users\laura\.jdks\openjdk-18.0.1.1\bin\net.dll
0x00007ffc543a0000 - 0x00007ffc544ac000 	C:\WINDOWS\SYSTEM32\WINHTTP.dll
0x00007ffc5b650000 - 0x00007ffc5b6b7000 	C:\WINDOWS\system32\mswsock.dll
0x00007ffc39b30000 - 0x00007ffc39b46000 	C:\Users\laura\.jdks\openjdk-18.0.1.1\bin\nio.dll
0x00007ffc40910000 - 0x00007ffc40928000 	C:\Users\laura\.jdks\openjdk-18.0.1.1\bin\zip.dll
0x00007ffc47470000 - 0x00007ffc47479000 	C:\Users\laura\.jdks\openjdk-18.0.1.1\bin\management.dll
0x00007ffc44a90000 - 0x00007ffc44a9b000 	C:\Users\laura\.jdks\openjdk-18.0.1.1\bin\management_ext.dll
0x00007ffc477d0000 - 0x00007ffc477e0000 	C:\Users\laura\.jdks\openjdk-18.0.1.1\bin\verify.dll
0x00007ffc3ee20000 - 0x00007ffc3ee37000 	C:\WINDOWS\system32\napinsp.dll
0x00007ffc3ee40000 - 0x00007ffc3ee5b000 	C:\WINDOWS\system32\pnrpnsp.dll
0x00007ffc5ad80000 - 0x00007ffc5ae68000 	C:\WINDOWS\SYSTEM32\DNSAPI.dll
0x00007ffc5ad50000 - 0x00007ffc5ad7d000 	C:\WINDOWS\SYSTEM32\IPHLPAPI.DLL
0x00007ffc5d440000 - 0x00007ffc5d449000 	C:\WINDOWS\System32\NSI.dll
0x00007ffc3ee60000 - 0x00007ffc3ee72000 	C:\WINDOWS\System32\winrnr.dll
0x00007ffc3ee80000 - 0x00007ffc3ee95000 	C:\WINDOWS\system32\wshbth.dll
0x00007ffc3f0e0000 - 0x00007ffc3f0ff000 	C:\WINDOWS\system32\nlansp_c.dll
0x00007ffc4e060000 - 0x00007ffc4e06a000 	C:\Windows\System32\rasadhlp.dll
0x00007ffc4ed90000 - 0x00007ffc4ee11000 	C:\WINDOWS\System32\fwpuclnt.dll

dbghelp: loaded successfully - version: 4.0.5 - missing functions: none
symbol engine: initialized successfully - sym options: 0x614 - pdb path: .;C:\Users\laura\.jdks\openjdk-18.0.1.1\bin;C:\WINDOWS\SYSTEM32;C:\Program Files\AVG\Antivirus;C:\WINDOWS\WinSxS\amd64_microsoft.windows.common-controls_6595b64144ccf1df_6.0.22000.120_none_9d947278b86cc467;C:\Users\laura\.jdks\openjdk-18.0.1.1\bin\server

VM Arguments:
java_command: C:\Users\laura\AppData\Local\Temp\surefire5833214046699339209\surefirebooter17420447642885640703.jar C:\Users\laura\AppData\Local\Temp\surefire5833214046699339209 2022-06-27T07-45-40_082-jvmRun1 surefire10170226648348924909tmp surefire_01359090549705170047tmp
java_class_path (initial): C:\Users\laura\AppData\Local\Temp\surefire5833214046699339209\surefirebooter17420447642885640703.jar
Launcher Type: SUN_STANDARD

[Global flags]
     intx CICompilerCount                          = 3                                         {product} {ergonomic}
     uint ConcGCThreads                            = 1                                         {product} {ergonomic}
     uint G1ConcRefinementThreads                  = 4                                         {product} {ergonomic}
   size_t G1HeapRegionSize                         = 1048576                                   {product} {ergonomic}
    uintx GCDrainStackTargetSize                   = 64                                        {product} {ergonomic}
   size_t InitialHeapSize                          = 65011712                                  {product} {ergonomic}
   size_t MarkStackSize                            = 4194304                                   {product} {ergonomic}
   size_t MaxHeapSize                              = 1027604480                                {product} {ergonomic}
   size_t MaxNewSize                               = 616562688                                 {product} {ergonomic}
   size_t MinHeapDeltaBytes                        = 1048576                                   {product} {ergonomic}
   size_t MinHeapSize                              = 8388608                                   {product} {ergonomic}
    uintx NonNMethodCodeHeapSize                   = 5832780                                {pd product} {ergonomic}
    uintx NonProfiledCodeHeapSize                  = 122912730                              {pd product} {ergonomic}
    uintx ProfiledCodeHeapSize                     = 122912730                              {pd product} {ergonomic}
    uintx ReservedCodeCacheSize                    = 251658240                              {pd product} {ergonomic}
     bool SegmentedCodeCache                       = true                                      {product} {ergonomic}
   size_t SoftMaxHeapSize                          = 1027604480                             {manageable} {ergonomic}
     bool UseCompressedClassPointers               = true                           {product lp64_product} {ergonomic}
     bool UseCompressedOops                        = true                           {product lp64_product} {ergonomic}
     bool UseG1GC                                  = true                                      {product} {ergonomic}
     bool UseLargePagesIndividualAllocation        = false                                  {pd product} {ergonomic}

Logging:
Log output configuration:
 #0: stdout all=warning uptime,level,tags foldmultilines=false
 #1: stderr all=off uptime,level,tags foldmultilines=false

Environment Variables:
PATH=C:\Program Files (x86)\Common Files\Oracle\Java\javapath;C:\WINDOWS\system32;C:\WINDOWS;C:\WINDOWS\System32\Wbem;C:\WINDOWS\System32\WindowsPowerShell\v1.0\;C:\WINDOWS\System32\OpenSSH\;C:\Program Files\Git\cmd;C:\Program Files\Docker\Docker\resources\bin;C:\ProgramData\DockerDesktop\version-bin;C:\Program Files\apache-maven-3.8.6\bin;C:\Program Files\apache-maven-3.8.6\bin;%M2_HOME\bin;C:\Program Files\spring-2.7.0\bin;C:\Users\laura\AppData\Local\Microsoft\WindowsApps;;C:\Users\laura\AppData\Local\Programs\Microsoft VS Code\bin
USERNAME=laura
OS=Windows_NT
PROCESSOR_IDENTIFIER=Intel64 Family 6 Model 122 Stepping 8, GenuineIntel



---------------  S Y S T E M  ---------------

OS:
 Windows 11 , 64 bit Build 22000 (10.0.22000.708)
OS uptime: 5 days 13:48 hours
Hyper-V role detected

CPU: total 4 (initial active 4) (4 cores per cpu, 1 threads per core) family 6 model 122 stepping 8 microcode 0x18, cx8, cmov, fxsr, mmx, 3dnowpref, sse, sse2, sse3, ssse3, sse4.1, sse4.2, popcnt, tsc, tscinvbit, aes, erms, clmul, sha, clflush, clflushopt, hv

Memory: 4k page, system-wide physical 3918M (211M free)
TotalPageFile size 15694M (AvailPageFile size 6M)
current process WorkingSet (physical memory assigned to process): 122M, peak: 125M
current process commit charge ("private bytes"): 189M, peak: 190M

vm_info: OpenJDK 64-Bit Server VM (18.0.1.1+2-6) for windows-amd64 JRE (18.0.1.1+2-6), built on Apr 25 2022 21:50:56 by "mach5one" with MS VC++ 16.8 / 16.9 (VS2019)

END.
